<?xml version="1.0" encoding="UTF-8"?>
<testng-results ignored="0" total="1" passed="1" failed="0" skipped="0">
  <reporter-output>
  </reporter-output>
  <suite started-at="2024-09-24T12:43:46 BDT" name="Default suite" finished-at="2024-09-24T12:43:51 BDT" duration-ms="5325">
    <groups>
    </groups>
    <test started-at="2024-09-24T12:43:46 BDT" name="Default test" finished-at="2024-09-24T12:43:51 BDT" duration-ms="5325">
      <class name="swagLabsLogout.LogoutTest">
        <test-method is-config="true" signature="openApplicationWithChrome()[pri:0, instance:swagLabsLogout.LogoutTest@235834f2]" started-at="2024-09-24T12:43:46 BDT" name="openApplicationWithChrome" finished-at="2024-09-24T12:43:51 BDT" duration-ms="5009" status="PASS">
          <reporter-output>
          </reporter-output>
        </test-method> <!-- openApplicationWithChrome -->
        <test-method signature="logout()[pri:0, instance:swagLabsLogout.LogoutTest@235834f2]" started-at="2024-09-24T12:43:51 BDT" name="logout" finished-at="2024-09-24T12:43:51 BDT" duration-ms="268" status="PASS">
          <reporter-output>
          </reporter-output>
        </test-method> <!-- logout -->
      </class> <!-- swagLabsLogout.LogoutTest -->
    </test> <!-- Default test -->
  </suite> <!-- Default suite -->
</testng-results>
